$8KMILES.NS: possibly delisted; no timezone found
$8KMILES.NS: possibly delisted; no timezone found
$8KMILES.BO: possibly delisted; no timezone found
$8KMILES.BO: possibly delisted; no timezone found
$AEGISCHEM.NS: possibly delisted; no timezone found
$AEGISCHEM.NS: possibly delisted; no timezone found
$AEGISCHEM.BO: possibly delisted; no timezone found
$AEGISCHEM.BO: possibly delisted; no timezone found
$AKZOINDIA.NS: possibly delisted; no timezone found
$AKZOINDIA.NS: possibly delisted; no timezone found
$AKZOINDIA.BO: possibly delisted; no timezone found
$AKZOINDIA.BO: possibly delisted; no timezone found
$ALBK.NS: possibly delisted; no timezone found
$ALBK.NS: possibly delisted; no timezone found
$ALBK.BO: possibly delisted; no timezone found
$ALBK.BO: possibly delisted; no timezone found
$AMARAJABAT.NS: possibly delisted; no timezone found
$AMARAJABAT.NS: possibly delisted; no timezone found
$AMARAJABAT.BO: possibly delisted; no timezone found
$AMARAJABAT.BO: possibly delisted; no timezone found
$ANDHRABANK.NS: possibly delisted; no timezone found
$ANDHRABANK.NS: possibly delisted; no timezone found
$ANDHRABANK.BO: possibly delisted; no timezone found
$ANDHRABANK.BO: possibly delisted; no timezone found
$BAJAJCORP.NS: possibly delisted; no price data found  (1d 1927-07-13 -> 2026-06-18)
$BAJAJCORP.NS: possibly delisted; no price data found  (1d 1927-07-13 -> 2026-06-18)
$BAJAJCORP.BO: possibly delisted; no timezone found
$BAJAJCORP.BO: possibly delisted; no timezone found
$CENTURYTEX.NS: possibly delisted; no timezone found
$CENTURYTEX.NS: possibly delisted; no timezone found
$CENTURYTEX.BO: possibly delisted; no timezone found
$CENTURYTEX.BO: possibly delisted; no timezone found
$CORPBANK.NS: possibly delisted; no timezone found
$CORPBANK.NS: possibly delisted; no timezone found
$CORPBANK.BO: possibly delisted; no timezone found
$CORPBANK.BO: possibly delisted; no timezone found
$DENABANK.NS: possibly delisted; no timezone found
$DENABANK.NS: possibly delisted; no timezone found
$DENABANK.BO: possibly delisted; no timezone found
$DENABANK.BO: possibly delisted; no timezone found
$DHFL.NS: possibly delisted; no timezone found
$DHFL.NS: possibly delisted; no timezone found
$DHFL.BO: possibly delisted; no timezone found
$DHFL.BO: possibly delisted; no timezone found
$EXCELCROP.NS: possibly delisted; no timezone found
$EXCELCROP.NS: possibly delisted; no timezone found
$EXCELCROP.BO: possibly delisted; no timezone found
$EXCELCROP.BO: possibly delisted; no timezone found
$GDL.NS: possibly delisted; no timezone found
$GDL.NS: possibly delisted; no timezone found
$GDL.BO: possibly delisted; no timezone found
$GDL.BO: possibly delisted; no timezone found
$GEPIL.NS: possibly delisted; no timezone found
$GEPIL.NS: possibly delisted; no timezone found
$GEPIL.BO: possibly delisted; no timezone found
$GEPIL.BO: possibly delisted; no timezone found
$GET&D.NS: possibly delisted; no timezone found
$GET&D.NS: possibly delisted; no timezone found
$GET&D.BO: possibly delisted; no timezone found
$GET&D.BO: possibly delisted; no timezone found
$GLS.NS: possibly delisted; no timezone found
$GLS.NS: possibly delisted; no timezone found
$GLS.BO: possibly delisted; no timezone found
$GLS.BO: possibly delisted; no timezone found
$GRUH.NS: possibly delisted; no timezone found
$GRUH.NS: possibly delisted; no timezone found
$GRUH.BO: possibly delisted; no timezone found
$GRUH.BO: possibly delisted; no timezone found
$GUJFLUORO.NS: possibly delisted; no timezone found
$GUJFLUORO.NS: possibly delisted; no timezone found
$GUJFLUORO.BO: possibly delisted; no timezone found
$GUJFLUORO.BO: possibly delisted; no timezone found
$HSIL.NS: possibly delisted; no timezone found
$HSIL.NS: possibly delisted; no timezone found
$IBVENTURES.NS: possibly delisted; no timezone found
$IBVENTURES.NS: possibly delisted; no timezone found
$IBVENTURES.BO: possibly delisted; no timezone found
$IBVENTURES.BO: possibly delisted; no timezone found
$IDFC.NS: possibly delisted; no timezone found
$IDFC.NS: possibly delisted; no timezone found
$IDFC.BO: possibly delisted; no timezone found
$IDFC.BO: possibly delisted; no timezone found
$IDFCBANK.NS: possibly delisted; no price data found  (1d 1927-07-13 -> 2026-06-18)
$IDFCBANK.NS: possibly delisted; no price data found  (1d 1927-07-13 -> 2026-06-18)
$IDFCBANK.BO: possibly delisted; no timezone found
$IDFCBANK.BO: possibly delisted; no timezone found
$INFIBEAM.NS: possibly delisted; no timezone found
$INFIBEAM.NS: possibly delisted; no timezone found
$INFIBEAM.BO: possibly delisted; no timezone found
$INFIBEAM.BO: possibly delisted; no timezone found
$INOXLEISUR.NS: possibly delisted; no timezone found
$INOXLEISUR.NS: possibly delisted; no timezone found
$INOXLEISUR.BO: possibly delisted; no timezone found
$INOXLEISUR.BO: possibly delisted; no timezone found
$ISEC.NS: possibly delisted; no timezone found
$ISEC.NS: possibly delisted; no timezone found
$ISEC.BO: possibly delisted; no timezone found
$ISEC.BO: possibly delisted; no timezone found
$ITDCEM.NS: possibly delisted; no timezone found
$ITDCEM.NS: possibly delisted; no timezone found
$ITDCEM.BO: possibly delisted; no timezone found
$ITDCEM.BO: possibly delisted; no timezone found
$JCHAC.NS: possibly delisted; no timezone found
$JCHAC.NS: possibly delisted; no timezone found
$JCHAC.BO: possibly delisted; no timezone found
$JCHAC.BO: possibly delisted; no timezone found
$JSLHISAR.NS: possibly delisted; no timezone found
$JSLHISAR.NS: possibly delisted; no timezone found
$JSLHISAR.BO: possibly delisted; no timezone found
$JSLHISAR.BO: possibly delisted; no timezone found
$JUBILANT.NS: possibly delisted; no timezone found
$JUBILANT.NS: possibly delisted; no timezone found
$JUBILANT.BO: possibly delisted; no timezone found
$JUBILANT.BO: possibly delisted; no timezone found
$LAKSHVILAS.NS: possibly delisted; no timezone found
$LAKSHVILAS.NS: possibly delisted; no timezone found
$LAKSHVILAS.BO: possibly delisted; no timezone found
$LAKSHVILAS.BO: possibly delisted; no timezone found
$LAXMIMACH.NS: possibly delisted; no timezone found
$LAXMIMACH.NS: possibly delisted; no timezone found
$LAXMIMACH.BO: possibly delisted; no timezone found
$LAXMIMACH.BO: possibly delisted; no timezone found
$LTIM.NS: possibly delisted; no price data found  (1d 1927-07-13 -> 2026-06-18) (Yahoo error = "No data found, symbol may be delisted")
$LTIM.NS: possibly delisted; no price data found  (1d 1927-07-13 -> 2026-06-18) (Yahoo error = "No data found, symbol may be delisted")
$LTI.NS: possibly delisted; no timezone found
$LTI.NS: possibly delisted; no timezone found
$LTI.BO: possibly delisted; no timezone found
$LTI.BO: possibly delisted; no timezone found
$LTIM.NS: possibly delisted; no price data found  (1d 1927-07-13 -> 2026-06-18) (Yahoo error = "No data found, symbol may be delisted")
$LTIM.NS: possibly delisted; no price data found  (1d 1927-07-13 -> 2026-06-18) (Yahoo error = "No data found, symbol may be delisted")
$LTIM.BO: possibly delisted; no timezone found
$LTIM.BO: possibly delisted; no timezone found
$MAGMA.NS: possibly delisted; no timezone found
$MAGMA.NS: possibly delisted; no timezone found
$MAGMA.BO: possibly delisted; no timezone found
$MAGMA.BO: possibly delisted; no timezone found
$MAHINDCIE.NS: possibly delisted; no timezone found
$MAHINDCIE.NS: possibly delisted; no timezone found
$MAHINDCIE.BO: possibly delisted; no timezone found
$MAHINDCIE.BO: possibly delisted; no timezone found
$VEDANTFAS.NS: possibly delisted; no timezone found
$VEDANTFAS.NS: possibly delisted; no timezone found
$MAXINDIA.NS: possibly delisted; no timezone found
$MAXINDIA.NS: possibly delisted; no timezone found
$MAXINDIA.BO: possibly delisted; no timezone found
$MAXINDIA.BO: possibly delisted; no timezone found
$MERCK.NS: possibly delisted; no timezone found
$MERCK.NS: possibly delisted; no timezone found
$MERCK.BO: possibly delisted; no timezone found
$MERCK.BO: possibly delisted; no timezone found
$MINDAIND.NS: possibly delisted; no timezone found
$MINDAIND.NS: possibly delisted; no timezone found
$MINDAIND.BO: possibly delisted; no timezone found
$MINDAIND.BO: possibly delisted; no timezone found
$LTIM.NS: possibly delisted; no price data found  (1d 1927-07-13 -> 2026-06-18) (Yahoo error = "No data found, symbol may be delisted")
$LTIM.NS: possibly delisted; no price data found  (1d 1927-07-13 -> 2026-06-18) (Yahoo error = "No data found, symbol may be delisted")
$MINDTREE.NS: possibly delisted; no timezone found
$MINDTREE.NS: possibly delisted; no timezone found
$MINDTREE.BO: possibly delisted; no timezone found
$MINDTREE.BO: possibly delisted; no timezone found
$MONSANTO.NS: possibly delisted; no timezone found
$MONSANTO.NS: possibly delisted; no timezone found
$MONSANTO.BO: possibly delisted; no timezone found
$MONSANTO.BO: possibly delisted; no timezone found
$NBVENTURES.NS: possibly delisted; no timezone found
$NBVENTURES.NS: possibly delisted; no timezone found
$NBVENTURES.BO: possibly delisted; no timezone found
$NBVENTURES.BO: possibly delisted; no timezone found
$ORIENTBANK.NS: possibly delisted; no timezone found
$ORIENTBANK.NS: possibly delisted; no timezone found
$ORIENTBANK.BO: possibly delisted; no timezone found
$ORIENTBANK.BO: possibly delisted; no timezone found
$PEL.NS: possibly delisted; no timezone found
$PEL.NS: possibly delisted; no timezone found
$PEL.BO: possibly delisted; no timezone found
$PEL.BO: possibly delisted; no timezone found
$PHILIPCARB.NS: possibly delisted; no timezone found
$PHILIPCARB.NS: possibly delisted; no timezone found
$PHILIPCARB.BO: possibly delisted; no timezone found
$PHILIPCARB.BO: possibly delisted; no timezone found
$PVR.NS: possibly delisted; no timezone found
$PVR.NS: possibly delisted; no timezone found
$PVR.BO: possibly delisted; no timezone found
$PVR.BO: possibly delisted; no timezone found
$SHRIRAMCIT.NS: possibly delisted; no timezone found
$SHRIRAMCIT.NS: possibly delisted; no timezone found
$SHRIRAMCIT.BO: possibly delisted; no timezone found
$SHRIRAMCIT.BO: possibly delisted; no timezone found
$SREINFRA.NS: possibly delisted; no timezone found
$SREINFRA.NS: possibly delisted; no timezone found
$SREINFRA.BO: possibly delisted; no timezone found
$SREINFRA.BO: possibly delisted; no timezone found
$STRTECH.NS: possibly delisted; no timezone found
$STRTECH.NS: possibly delisted; no timezone found
$STRTECH.BO: possibly delisted; no timezone found
$STRTECH.BO: possibly delisted; no timezone found
$SUVENPHAR.NS: possibly delisted; no timezone found
$SUVENPHAR.NS: possibly delisted; no timezone found
$SUVENPHAR.BO: possibly delisted; no timezone found
$SUVENPHAR.BO: possibly delisted; no timezone found
$SWANENERGY.NS: possibly delisted; no timezone found
$SWANENERGY.NS: possibly delisted; no timezone found
$SWANENERGY.BO: possibly delisted; no timezone found
$SWANENERGY.BO: possibly delisted; no timezone found
$SYNDIBANK.NS: possibly delisted; no timezone found
$SYNDIBANK.NS: possibly delisted; no timezone found
$SYNDIBANK.BO: possibly delisted; no timezone found
$SYNDIBANK.BO: possibly delisted; no timezone found
$TATAMOTORS.NS: possibly delisted; no timezone found
$TATAMOTORS.NS: possibly delisted; no timezone found
$TATAMOTORS.BO: possibly delisted; no timezone found
$TATAMOTORS.BO: possibly delisted; no timezone found
$TATAMTRDVR.NS: possibly delisted; no timezone found
$TATAMTRDVR.NS: possibly delisted; no timezone found
$TATAMTRDVR.BO: possibly delisted; no timezone found
$TATAMTRDVR.BO: possibly delisted; no timezone found
$TATASPONGE.NS: possibly delisted; no timezone found
$TATASPONGE.NS: possibly delisted; no timezone found
$TATASPONGE.BO: possibly delisted; no timezone found
$TATASPONGE.BO: possibly delisted; no timezone found
$TIFIN.NS: possibly delisted; no timezone found
$TIFIN.NS: possibly delisted; no timezone found
$TIFIN.BO: possibly delisted; no timezone found
$TIFIN.BO: possibly delisted; no timezone found
$TV18BRDCST.NS: possibly delisted; no timezone found
$TV18BRDCST.NS: possibly delisted; no timezone found
$TV18BRDCST.BO: possibly delisted; no timezone found
$TV18BRDCST.BO: possibly delisted; no timezone found
$UJJIVAN.NS: possibly delisted; no timezone found
$UJJIVAN.NS: possibly delisted; no timezone found
$UJJIVAN.BO: possibly delisted; no timezone found
$UJJIVAN.BO: possibly delisted; no timezone found
$VIJAYABANK.NS: possibly delisted; no timezone found
$VIJAYABANK.NS: possibly delisted; no timezone found
$VIJAYABANK.BO: possibly delisted; no timezone found
$VIJAYABANK.BO: possibly delisted; no timezone found
$WABCOINDIA.NS: possibly delisted; no timezone found
$WABCOINDIA.NS: possibly delisted; no timezone found
$WABCOINDIA.BO: possibly delisted; no timezone found
$WABCOINDIA.BO: possibly delisted; no timezone found
$WELSPUNIND.NS: possibly delisted; no timezone found
$WELSPUNIND.NS: possibly delisted; no timezone found
$WELSPUNIND.BO: possibly delisted; no timezone found
$WELSPUNIND.BO: possibly delisted; no timezone found
Fetching 306 missing Nifty 500 constituents -> nifty500_hist/

[ 20/306] 14 ok, 6 failed  (last OK: ASTRAZEN via ASTRAZEN.NS)
[ 40/306] 32 ok, 8 failed  (last OK: CERA via CERA.NS)
[ 60/306] 49 ok, 11 failed  (last OK: EPL via EPL.NS)
[ 80/306] 64 ok, 16 failed  (last OK: GMMPFAUDLR via GMMPFAUDLR.NS)
[100/306] 82 ok, 18 failed  (last OK: HATSUN via HATSUN.NS)
[120/306] ... 98 ok, 22 failed so far
[127/306] ... 102 ok, 25 failed so far
[140/306] ... 112 ok, 28 failed so far
[160/306] ... 127 ok, 33 failed so far
[180/306] 142 ok, 38 failed  (last OK: MOIL via MOIL.NS)
[200/306] 158 ok, 42 failed  (last OK: PGHH via PGHH.NS)
[220/306] 176 ok, 44 failed  (last OK: RELAXO via RELAXO.NS)
[240/306] 196 ok, 44 failed  (last OK: SHK via SHK.NS)
[260/306] ... 211 ok, 49 failed so far
[263/306] ... 213 ok, 50 failed so far
[280/306] ... 225 ok, 55 failed so far
[300/306] 243 ok, 57 failed  (last OK: VOGL via VOGL.NS)

DONE: 247 fetched/existing | 59 unavailable
Coverage of missing set: 80.7%

Unavailable (59): ['8KMILES', 'AEGISCHEM', 'AKZOINDIA', 'ALBK', 'AMARAJABAT', 'ANDHRABANK', 'BAJAJCORP', 'CENTURYTEX', 'CORPBANK', 'DENABANK', 'DHFL', 'EXCELCROP', 'GDL', 'GEPIL', 'GET&D', 'GLS', 'GRUH', 'GUJFLUORO', 'IBVENTURES', 'IDFC', 'IDFCBANK', 'INFIBEAM', 'INOXLEISUR', 'ISEC', 'ITDCEM', 'JCHAC', 'JSLHISAR', 'JUBILANT', 'LAKSHVILAS', 'LAXMIMACH', 'LTI', 'LTIM', 'MAGMA', 'MAHINDCIE', 'MAXINDIA', 'MERCK', 'MINDAIND', 'MINDTREE', 'MONSANTO', 'NBVENTURES', 'ORIENTBANK', 'PEL', 'PHILIPCARB', 'PVR', 'SHRIRAMCIT', 'SREINFRA', 'STRTECH', 'SUVENPHAR', 'SWANENERGY', 'SYNDIBANK', 'TATAMOTORS', 'TATAMTRDVR', 'TATASPONGE', 'TIFIN', 'TV18BRDCST', 'UJJIVAN', 'VIJAYABANK', 'WABCOINDIA', 'WELSPUNIND']
