================================================================================
  SHARPE UNIFIED BACKTESTER v1.0 -- LOADING DATA
  Combining Script 1's calculation logic + Script 2's output format
================================================================================

[*] Loading benchmark: NIFTY500_1d.csv
    [v] Benchmark loaded: 250 monthly bars
[$$] Loading risk-free rate: India 1-Year Bond Yield Historical Data.csv
    [v] Bond data loaded: 126 monthly bars

[dir] Loading membership: nifty500_reshuffle_tracker_v2.xlsx
    [v] Membership loaded: 120 months

[dir] Loading stocks from: ['nifty500_host', 'nifty500_hist']

[v] Successfully loaded 761 stocks

================================================================================
  WALK-FORWARD PORTFOLIO GENERATION
  Period: 2021-04 -- 2026-04
  Investment: Rs.10,000,000
  Max Weight: 10% per stock
================================================================================

  [2021-04] -- 2021-05  stocks= 27  C*=+0.4194  RF=3.82%  invested=Rs.99.8L  net_pnl=+Rs.6.0L
  [2021-05] -- 2021-06  stocks= 27  C*=+0.4323  RF=3.77%  invested=Rs.93.9L  net_pnl=+Rs.4.3L
  [2021-06] -- 2021-07  stocks= 29  C*=+0.4337  RF=4.09%  invested=Rs.91.4L  net_pnl=+Rs.1.4L
  [2021-07] -- 2021-08  stocks= 28  C*=+0.4307  RF=4.04%  invested=Rs.90.7L  net_pnl=+Rs.8.0L
  [2021-08] -- 2021-09  stocks= 31  C*=+0.4474  RF=3.85%  invested=Rs.83.6L  net_pnl=+Rs.0.8L
  [2021-09] -- 2021-10  stocks= 29  C*=+0.4531  RF=4.03%  invested=Rs.84.6L  net_pnl=Rs.-2.0L
  [2021-10] -- 2021-11  stocks= 26  C*=+0.4466  RF=4.11%  invested=Rs.87.1L  net_pnl=Rs.-0.8L
  [2021-11] -- 2021-12  stocks= 29  C*=+0.4617  RF=4.26%  invested=Rs.89.6L  net_pnl=+Rs.3.2L
  [2021-12] -- 2022-01  stocks= 30  C*=+0.4756  RF=4.37%  invested=Rs.87.4L  net_pnl=Rs.-6.6L
  [2022-01] -- 2022-02  stocks= 28  C*=+0.4419  RF=4.49%  invested=Rs.92.9L  net_pnl=Rs.-2.8L
  [2022-02] -- 2022-03  stocks= 28  C*=+0.4217  RF=4.38%  invested=Rs.96.2L  net_pnl=Rs.-0.9L
  [2022-03] -- 2022-04  stocks= 33  C*=+0.4181  RF=4.32%  invested=Rs.95.1L  net_pnl=+Rs.3.1L
  [2022-04] -- 2022-05  stocks= 27  C*=+0.4075  RF=4.81%  invested=Rs.93.2L  net_pnl=Rs.-8.2L
  [2022-05] -- 2022-06  stocks= 22  C*=+0.3676  RF=6.01%  invested=Rs.98.0L  net_pnl=Rs.-4.8L
  [2022-06] -- 2022-07  stocks= 26  C*=+0.3504  RF=6.21%  invested=Rs.102.4L  net_pnl=+Rs.13.1L
  [2022-07] -- 2022-08  stocks= 23  C*=+0.3598  RF=6.35%  invested=Rs.90.5L  net_pnl=+Rs.2.0L
  [2022-08] -- 2022-09  stocks= 22  C*=+0.3675  RF=6.34%  invested=Rs.91.6L  net_pnl=Rs.-0.7L
  [2022-09] -- 2022-10  stocks= 25  C*=+0.3570  RF=6.70%  invested=Rs.91.6L  net_pnl=Rs.-2.7L
  [2022-10] -- 2022-11  stocks= 25  C*=+0.3429  RF=6.81%  invested=Rs.94.3L  net_pnl=+Rs.0.8L
  [2022-11] -- 2022-12  stocks= 23  C*=+0.3393  RF=6.76%  invested=Rs.92.8L  net_pnl=Rs.-4.1L
  [2022-12] -- 2023-01  stocks= 23  C*=+0.3193  RF=6.74%  invested=Rs.96.9L  net_pnl=Rs.-6.4L
  [2023-01] -- 2023-02  stocks= 23  C*=+0.3083  RF=6.77%  invested=Rs.102.9L  net_pnl=Rs.-8.9L
  [2023-02] -- 2023-03  stocks= 21  C*=+0.3044  RF=7.30%  invested=Rs.109.4L  net_pnl=+Rs.4.9L
  [2023-03] -- 2023-04  stocks= 21  C*=+0.3185  RF=7.14%  invested=Rs.100.5L  net_pnl=+Rs.5.3L
  [2023-04] -- 2023-05  stocks= 20  C*=+0.3188  RF=6.91%  invested=Rs.95.0L  net_pnl=+Rs.2.8L
  [2023-05] -- 2023-06  stocks= 21  C*=+0.3358  RF=6.77%  invested=Rs.93.5L  net_pnl=+Rs.4.0L
  [2023-06] -- 2023-07  stocks= 22  C*=+0.3462  RF=6.86%  invested=Rs.91.1L  net_pnl=+Rs.4.9L
  [2023-07] -- 2023-08  stocks= 19  C*=+0.3641  RF=6.90%  invested=Rs.88.1L  net_pnl=+Rs.4.3L
  [2023-08] -- 2023-09  stocks= 20  C*=+0.3414  RF=7.00%  invested=Rs.86.6L  net_pnl=+Rs.1.5L
  [2023-09] -- 2023-10  stocks= 35  C*=+0.3741  RF=6.97%  invested=Rs.88.5L  net_pnl=Rs.-2.5L
  [2023-10] -- 2023-11  stocks= 28  C*=+0.3599  RF=7.33%  invested=Rs.91.6L  net_pnl=+Rs.7.4L
  [2023-11] -- 2023-12  stocks= 31  C*=+0.3750  RF=7.23%  invested=Rs.86.3L  net_pnl=+Rs.9.4L
  [2023-12] -- 2024-01  stocks= 30  C*=+0.3951  RF=7.11%  invested=Rs.80.1L  net_pnl=+Rs.3.1L
  [2024-01] -- 2024-02  stocks= 15  C*=+0.7648  RF=7.10%  invested=Rs.93.4L  net_pnl=+Rs.2.1L
  [2024-02] -- 2024-03  stocks= 26  C*=+0.5767  RF=7.04%  invested=Rs.91.1L  net_pnl=+Rs.1.5L
  [2024-03] -- 2024-04  stocks= 24  C*=+0.5666  RF=6.97%  invested=Rs.89.5L  net_pnl=+Rs.6.8L
  [2024-04] -- 2024-05  stocks= 24  C*=+0.5758  RF=7.06%  invested=Rs.85.6L  net_pnl=+Rs.0.1L
  [2024-05] -- 2024-06  stocks= 34  C*=+0.5266  RF=6.94%  invested=Rs.83.4L  net_pnl=+Rs.10.0L
  [2024-06] -- 2024-07  stocks= 35  C*=+0.5594  RF=6.94%  invested=Rs.79.3L  net_pnl=+Rs.4.4L
  [2024-07] -- 2024-08  stocks= 37  C*=+0.5906  RF=6.84%  invested=Rs.76.6L  net_pnl=+Rs.4.1L
  [2024-08] -- 2024-09  stocks= 36  C*=+0.5825  RF=6.74%  invested=Rs.74.8L  net_pnl=+Rs.2.8L
  [2024-09] -- 2024-10  stocks= 37  C*=+0.5732  RF=6.62%  invested=Rs.73.0L  net_pnl=Rs.-0.4L
  [2024-10] -- 2024-11  stocks= 30  C*=+0.6082  RF=6.61%  invested=Rs.76.2L  net_pnl=Rs.-2.6L
  [2024-11] -- 2024-12  stocks= 34  C*=+0.5881  RF=6.71%  invested=Rs.79.7L  net_pnl=+Rs.5.6L
  [2024-12] -- 2025-01  stocks= 33  C*=+0.6041  RF=6.67%  invested=Rs.77.1L  net_pnl=Rs.-14.7L
  [2025-01] -- 2025-02  stocks= 29  C*=+0.5270  RF=6.57%  invested=Rs.88.4L  net_pnl=Rs.-11.0L
  [2025-02] -- 2025-03  stocks= 28  C*=+0.4869  RF=6.57%  invested=Rs.98.6L  net_pnl=+Rs.9.0L
  [2025-03] -- 2025-04  stocks= 44  C*=+0.5262  RF=6.39%  invested=Rs.94.4L  net_pnl=+Rs.5.1L
  [2025-04] -- 2025-05  stocks= 46  C*=+0.4915  RF=5.94%  invested=Rs.90.2L  net_pnl=+Rs.9.7L
  [2025-05] -- 2025-06  stocks= 48  C*=+0.5500  RF=5.63%  invested=Rs.87.2L  net_pnl=+Rs.4.9L
  [2025-06] -- 2025-07  stocks= 50  C*=+0.5458  RF=5.54%  invested=Rs.84.2L  net_pnl=Rs.-0.9L
  [2025-07] -- 2025-08  stocks= 53  C*=+0.5079  RF=5.57%  invested=Rs.85.3L  net_pnl=Rs.-1.0L
  [2025-08] -- 2025-09  stocks= 40  C*=+0.5492  RF=5.67%  invested=Rs.87.7L  net_pnl=Rs.-0.5L
  [2025-09] -- 2025-10  stocks= 47  C*=+0.4983  RF=5.58%  invested=Rs.88.7L  net_pnl=+Rs.3.7L
  [2025-10] -- 2025-11  stocks= 42  C*=+0.5149  RF=5.62%  invested=Rs.86.9L  net_pnl=Rs.-3.2L
  [2025-11] -- 2025-12  stocks= 41  C*=+0.5133  RF=5.46%  invested=Rs.91.4L  net_pnl=+Rs.2.0L
  [2025-12] -- 2026-01  stocks= 50  C*=+0.4362  RF=5.58%  invested=Rs.91.7L  net_pnl=Rs.-7.4L
  [2026-01] -- 2026-02  stocks= 42  C*=+0.4262  RF=5.69%  invested=Rs.98.0L  net_pnl=+Rs.5.9L
  [2026-02] -- 2026-03  stocks= 45  C*=+0.4168  RF=5.53%  invested=Rs.93.0L  net_pnl=Rs.-10.9L
  [2026-03] -- 2026-04  stocks= 40  C*=+0.4119  RF=5.78%  invested=Rs.94.5L  net_pnl=+Rs.17.3L
  [2026-04] -- 2026-05  stocks= 27  C*=+0.4905  RF=5.65%  invested=Rs.89.6L  net_pnl=+Rs.2.5L

================================================================================
  CALCULATING PERFORMANCE METRICS
================================================================================
[v] Metrics calculated for 61 months

================================================================================
  BUILDING EXCEL OUTPUT
================================================================================

  [v] Created summary: Summary 5Y
  [v] Created summary: Summary 3Y
  [v] Created summary: Summary 2Y
  [v] Created summary: Summary 1Y
  [v] Created sheet: Churning Analysis
  [v] Created sheet: Stock Detail
  [v] Created sheet: EGP Audit
  [v] Created sheet: Bias Audit
  [v] Created sheet: Month Index

[doc] Creating 61 per-month portfolio sheets...
   [v]  PM_2021-04  (27 stocks)
   [v]  PM_2021-05  (27 stocks)
   [v]  PM_2021-06  (29 stocks)
   [v]  PM_2021-07  (28 stocks)
   [v]  PM_2021-08  (31 stocks)
   [v]  PM_2021-09  (29 stocks)
   [v]  PM_2021-10  (26 stocks)
   [v]  PM_2021-11  (29 stocks)
   [v]  PM_2021-12  (30 stocks)
   [v]  PM_2022-01  (28 stocks)
   [v]  PM_2022-02  (28 stocks)
   [v]  PM_2022-03  (33 stocks)
   [v]  PM_2022-04  (27 stocks)
   [v]  PM_2022-05  (22 stocks)
   [v]  PM_2022-06  (26 stocks)
   [v]  PM_2022-07  (23 stocks)
   [v]  PM_2022-08  (22 stocks)
   [v]  PM_2022-09  (25 stocks)
   [v]  PM_2022-10  (25 stocks)
   [v]  PM_2022-11  (23 stocks)
   [v]  PM_2022-12  (23 stocks)
   [v]  PM_2023-01  (23 stocks)
   [v]  PM_2023-02  (21 stocks)
   [v]  PM_2023-03  (21 stocks)
   [v]  PM_2023-04  (20 stocks)
   [v]  PM_2023-05  (21 stocks)
   [v]  PM_2023-06  (22 stocks)
   [v]  PM_2023-07  (19 stocks)
   [v]  PM_2023-08  (20 stocks)
   [v]  PM_2023-09  (35 stocks)
   [v]  PM_2023-10  (28 stocks)
   [v]  PM_2023-11  (31 stocks)
   [v]  PM_2023-12  (30 stocks)
   [v]  PM_2024-01  (15 stocks)
   [v]  PM_2024-02  (26 stocks)
   [v]  PM_2024-03  (24 stocks)
   [v]  PM_2024-04  (24 stocks)
   [v]  PM_2024-05  (34 stocks)
   [v]  PM_2024-06  (35 stocks)
   [v]  PM_2024-07  (37 stocks)
   [v]  PM_2024-08  (36 stocks)
   [v]  PM_2024-09  (37 stocks)
   [v]  PM_2024-10  (30 stocks)
   [v]  PM_2024-11  (34 stocks)
   [v]  PM_2024-12  (32 stocks)
   [v]  PM_2025-01  (29 stocks)
   [v]  PM_2025-02  (28 stocks)
   [v]  PM_2025-03  (44 stocks)
   [v]  PM_2025-04  (46 stocks)
   [v]  PM_2025-05  (48 stocks)
   [v]  PM_2025-06  (50 stocks)
   [v]  PM_2025-07  (53 stocks)
   [v]  PM_2025-08  (40 stocks)
   [v]  PM_2025-09  (47 stocks)
   [v]  PM_2025-10  (42 stocks)
   [v]  PM_2025-11  (40 stocks)
   [v]  PM_2025-12  (50 stocks)
   [v]  PM_2026-01  (42 stocks)
   [v]  PM_2026-02  (45 stocks)
   [v]  PM_2026-03  (40 stocks)
   [v]  PM_2026-04  (27 stocks)
  [v] Created sheet: Beta Methodology
  [v] Created sheet: Current Selection Detail
  [v] Created sheet: Current Selection Detail

================================================================================
  SAVING EXCEL FILES
================================================================================

Calculating Daily Drawdowns...
[save] Main Report Saved -- SOM_Reshuffle500_PointInTime.xlsx
[save] Summary-only Report Saved -- SOM_Reshuffle500_PointInTime_Summary.xlsx

[save] Generating Current Selection: SOM_Reshuffle500_PointInTime_Current.xlsx
[save] Current Portfolio Instructions Saved -- SOM_Reshuffle500_PointInTime_Current.xlsx

================================================================================
[v] UNIFIED BACKTESTER COMPLETE!
================================================================================
